<?xml version="1.0" encoding="UTF-8"?>
<testsuite xmlns:xsi="http://www.w3.org/2001/XMLSchema-instance" xsi:noNamespaceSchemaLocation="https://maven.apache.org/surefire/maven-surefire-plugin/xsd/surefire-test-report-3.0.xsd" version="3.0" name="at.backend.tourist.places.TouristPlacesApplicationTests" time="2.736" tests="1" errors="0" skipped="0" failures="0">
  <properties>
[...]
</properties>
  <testcase name="contextLoads" classname="at.backend.tourist.places.TouristPlacesApplicationTests" time="0.003">
    <system-out><![CDATA[&amp#27;[2m2026-02-26T12:17:57.319-06:00&amp#27;[0;39m &amp#27;[32m INFO&amp#27;[0;39m &amp#27;[35m28149&amp#27;[0;39m &amp#27;[2m---&amp#27;[0;39m &amp#27;[2m[Tourist places] [           main]&amp#27;[0;39m &amp#27;[2m&amp#27;[0;39m&amp#27;[36mm.p.springdotenv.DotenvPropertySource   &amp#27;[0;39m &amp#27;[2m:&amp#27;[0;39m Initialized Dotenv with DotenvConfig[enabled=true, directory=null, filename=.env, ignoreIfMalformed=false, ignoreIfMissing=true, exportToSystemProperties=false]

  .   ____          _            __ _ _
 /\\ / ___'_ __ _ _(_)_ __  __ _ \ \ \ \
( ( )\___ | '_ | '_| | '_ \/ _` | \ \ \ \
 \\/  ___)| |_)| | | | | || (_| |  ) ) ) )
  '  |____| .__|_| |_|_| |_\__, | / / / /
 =========|_|==============|___/=/_/_/_/
&amp#27;[32m :: Spring Boot :: &amp#27;[39m              &amp#27;[2m (v3.2.2)&amp#27;[0;39m

&amp#27;[2m2026-02-26T12:17:57.322-06:00&amp#27;[0;39m &amp#27;[32m INFO&amp#27;[0;39m &amp#27;[35m28149&amp#27;[0;39m &amp#27;[2m---&amp#27;[0;39m &amp#27;[2m[Tourist places] [           main]&amp#27;[0;39m &amp#27;[2m&amp#27;[0;39m&amp#27;[36ma.b.t.p.TouristPlacesApplicationTests   &amp#27;[0;39m &amp#27;[2m:&amp#27;[0;39m Starting TouristPlacesApplicationTests using Java 23.0.2 with PID 28149 (started by alexis in /Users/alexis/Documents/Java/tourist_places_api)
&amp#27;[2m2026-02-26T12:17:57.322-06:00&amp#27;[0;39m &amp#27;[32m INFO&amp#27;[0;39m &amp#27;[35m28149&amp#27;[0;39m &amp#27;[2m---&amp#27;[0;39m &amp#27;[2m[Tourist places] [           main]&amp#27;[0;39m &amp#27;[2m&amp#27;[0;39m&amp#27;[36ma.b.t.p.TouristPlacesApplicationTests   &amp#27;[0;39m &amp#27;[2m:&amp#27;[0;39m The following 1 profile is active: "test"
&amp#27;[2m2026-02-26T12:17:57.546-06:00&amp#27;[0;39m &amp#27;[32m INFO&amp#27;[0;39m &amp#27;[35m28149&amp#27;[0;39m &amp#27;[2m---&amp#27;[0;39m &amp#27;[2m[Tourist places] [           main]&amp#27;[0;39m &amp#27;[2m&amp#27;[0;39m&amp#27;[36m.s.d.r.c.RepositoryConfigurationDelegate&amp#27;[0;39m &amp#27;[2m:&amp#27;[0;39m Multiple Spring Data modules found, entering strict repository configuration mode
&amp#27;[2m2026-02-26T12:17:57.547-06:00&amp#27;[0;39m &amp#27;[32m INFO&amp#27;[0;39m &amp#27;[35m28149&amp#27;[0;39m &amp#27;[2m---&amp#27;[0;39m &amp#27;[2m[Tourist places] [           main]&amp#27;[0;39m &amp#27;[2m&amp#27;[0;39m&amp#27;[36m.s.d.r.c.RepositoryConfigurationDelegate&amp#27;[0;39m &amp#27;[2m:&amp#27;[0;39m Bootstrapping Spring Data JPA repositories in DEFAULT mode.
&amp#27;[2m2026-02-26T12:17:57.579-06:00&amp#27;[0;39m &amp#27;[32m INFO&amp#27;[0;39m &amp#27;[35m28149&amp#27;[0;39m &amp#27;[2m---&amp#27;[0;39m &amp#27;[2m[Tourist places] [           main]&amp#27;[0;39m &amp#27;[2m&amp#27;[0;39m&amp#27;[36m.s.d.r.c.RepositoryConfigurationDelegate&amp#27;[0;39m &amp#27;[2m:&amp#27;[0;39m Finished Spring Data repository scanning in 29 ms. Found 7 JPA repository interfaces.
&amp#27;[2m2026-02-26T12:17:57.591-06:00&amp#27;[0;39m &amp#27;[32m INFO&amp#27;[0;39m &amp#27;[35m28149&amp#27;[0;39m &amp#27;[2m---&amp#27;[0;39m &amp#27;[2m[Tourist places] [           main]&amp#27;[0;39m &amp#27;[2m&amp#27;[0;39m&amp#27;[36m.s.d.r.c.RepositoryConfigurationDelegate&amp#27;[0;39m &amp#27;[2m:&amp#27;[0;39m Multiple Spring Data modules found, entering strict repository configuration mode
&amp#27;[2m2026-02-26T12:17:57.592-06:00&amp#27;[0;39m &amp#27;[32m INFO&amp#27;[0;39m &amp#27;[35m28149&amp#27;[0;39m &amp#27;[2m---&amp#27;[0;39m &amp#27;[2m[Tourist places] [           main]&amp#27;[0;39m &amp#27;[2m&amp#27;[0;39m&amp#27;[36m.s.d.r.c.RepositoryConfigurationDelegate&amp#27;[0;39m &amp#27;[2m:&amp#27;[0;39m Bootstrapping Spring Data Redis repositories in DEFAULT mode.
&amp#27;[2m2026-02-26T12:17:57.600-06:00&amp#27;[0;39m &amp#27;[32m INFO&amp#27;[0;39m &amp#27;[35m28149&amp#27;[0;39m &amp#27;[2m---&amp#27;[0;39m &amp#27;[2m[Tourist places] [           main]&amp#27;[0;39m &amp#27;[2m&amp#27;[0;39m&amp#27;[36m.RepositoryConfigurationExtensionSupport&amp#27;[0;39m &amp#27;[2m:&amp#27;[0;39m Spring Data Redis - Could not safely identify store assignment for repository candidate interface at.backend.tourist.places.modules.activity.repository.ActivityRepository; If you want this repository to be a Redis repository, consider annotating your entities with one of these annotations: org.springframework.data.redis.core.RedisHash (preferred), or consider extending one of the following types with your repository: org.springframework.data.keyvalue.repository.KeyValueRepository
&amp#27;[2m2026-02-26T12:17:57.600-06:00&amp#27;[0;39m &amp#27;[32m INFO&amp#27;[0;39m &amp#27;[35m28149&amp#27;[0;39m &amp#27;[2m---&amp#27;[0;39m &amp#27;[2m[Tourist places] [           main]&amp#27;[0;39m &amp#27;[2m&amp#27;[0;39m&amp#27;[36m.RepositoryConfigurationExtensionSupport&amp#27;[0;39m &amp#27;[2m:&amp#27;[0;39m Spring Data Redis - Could not safely identify store assignment for repository candidate interface at.backend.tourist.places.modules.country.repository.CountryRepository; If you want this repository to be a Redis repository, consider annotating your entities with one of these annotations: org.springframework.data.redis.core.RedisHash (preferred), or consider extending one of the following types with your repository: org.springframework.data.keyvalue.repository.KeyValueRepository
&amp#27;[2m2026-02-26T12:17:57.601-06:00&amp#27;[0;39m &amp#27;[32m INFO&amp#27;[0;39m &amp#27;[35m28149&amp#27;[0;39m &amp#27;[2m---&amp#27;[0;39m &amp#27;[2m[Tourist places] [           main]&amp#27;[0;39m &amp#27;[2m&amp#27;[0;39m&amp#27;[36m.RepositoryConfigurationExtensionSupport&amp#27;[0;39m &amp#27;[2m:&amp#27;[0;39m Spring Data Redis - Could not safely identify store assignment for repository candidate interface at.backend.tourist.places.modules.places.repository.PlaceCategoryRepository; If you want this repository to be a Redis repository, consider annotating your entities with one of these annotations: org.springframework.data.redis.core.RedisHash (preferred), or consider extending one of the following types with your repository: org.springframework.data.keyvalue.repository.KeyValueRepository
&amp#27;[2m2026-02-26T12:17:57.601-06:00&amp#27;[0;39m &amp#27;[32m INFO&amp#27;[0;39m &amp#27;[35m28149&amp#27;[0;39m &amp#27;[2m---&amp#27;[0;39m &amp#27;[2m[Tourist places] [           main]&amp#27;[0;39m &amp#27;[2m&amp#27;[0;39m&amp#27;[36m.RepositoryConfigurationExtensionSupport&amp#27;[0;39m &amp#27;[2m:&amp#27;[0;39m Spring Data Redis - Could not safely identify store assignment for repository candidate interface at.backend.tourist.places.modules.places.repository.PlaceListRepository; If you want this repository to be a Redis repository, consider annotating your entities with one of these annotations: org.springframework.data.redis.core.RedisHash (preferred), or consider extending one of the following types with your repository: org.springframework.data.keyvalue.repository.KeyValueRepository
&amp#27;[2m2026-02-26T12:17:57.601-06:00&amp#27;[0;39m &amp#27;[32m INFO&amp#27;[0;39m &amp#27;[35m28149&amp#27;[0;39m &amp#27;[2m---&amp#27;[0;39m &amp#27;[2m[Tourist places] [           main]&amp#27;[0;39m &amp#27;[2m&amp#27;[0;39m&amp#27;[36m.RepositoryConfigurationExtensionSupport&amp#27;[0;39m &amp#27;[2m:&amp#27;[0;39m Spring Data Redis - Could not safely identify store assignment for repository candidate interface at.backend.tourist.places.modules.places.repository.TouristPlaceRepository; If you want this repository to be a Redis repository, consider annotating your entities with one of these annotations: org.springframework.data.redis.core.RedisHash (preferred), or consider extending one of the following types with your repository: org.springframework.data.keyvalue.repository.KeyValueRepository
&amp#27;[2m2026-02-26T12:17:57.601-06:00&amp#27;[0;39m &amp#27;[32m INFO&amp#27;[0;39m &amp#27;[35m28149&amp#27;[0;39m &amp#27;[2m---&amp#27;[0;39m &amp#27;[2m[Tourist places] [           main]&amp#27;[0;39m &amp#27;[2m&amp#27;[0;39m&amp#27;[36m.RepositoryConfigurationExtensionSupport&amp#27;[0;39m &amp#27;[2m:&amp#27;[0;39m Spring Data Redis - Could not safely identify store assignment for repository candidate interface at.backend.tourist.places.modules.review.repository.ReviewRepository; If you want this repository to be a Redis repository, consider annotating your entities with one of these annotations: org.springframework.data.redis.core.RedisHash (preferred), or consider extending one of the following types with your repository: org.springframework.data.keyvalue.repository.KeyValueRepository
&amp#27;[2m2026-02-26T12:17:57.601-06:00&amp#27;[0;39m &amp#27;[32m INFO&amp#27;[0;39m &amp#27;[35m28149&amp#27;[0;39m &amp#27;[2m---&amp#27;[0;39m &amp#27;[2m[Tourist places] [           main]&amp#27;[0;39m &amp#27;[2m&amp#27;[0;39m&amp#27;[36m.RepositoryConfigurationExtensionSupport&amp#27;[0;39m &amp#27;[2m:&amp#27;[0;39m Spring Data Redis - Could not safely identify store assignment for repository candidate interface at.backend.tourist.places.modules.user.repository.UserRepository; If you want this repository to be a Redis repository, consider annotating your entities with one of these annotations: org.springframework.data.redis.core.RedisHash (preferred), or consider extending one of the following types with your repository: org.springframework.data.keyvalue.repository.KeyValueRepository
&amp#27;[2m2026-02-26T12:17:57.601-06:00&amp#27;[0;39m &amp#27;[32m INFO&amp#27;[0;39m &amp#27;[35m28149&amp#27;[0;39m &amp#27;[2m---&amp#27;[0;39m &amp#27;[2m[Tourist places] [           main]&amp#27;[0;39m &amp#27;[2m&amp#27;[0;39m&amp#27;[36m.s.d.r.c.RepositoryConfigurationDelegate&amp#27;[0;39m &amp#27;[2m:&amp#27;[0;39m Finished Spring Data repository scanning in 4 ms. Found 0 Redis repository interfaces.
&amp#27;[2m2026-02-26T12:17:57.831-06:00&amp#27;[0;39m &amp#27;[32m INFO&amp#27;[0;39m &amp#27;[35m28149&amp#27;[0;39m &amp#27;[2m---&amp#27;[0;39m &amp#27;[2m[Tourist places] [           main]&amp#27;[0;39m &amp#27;[2m&amp#27;[0;39m&amp#27;[36mo.hibernate.jpa.internal.util.LogHelper &amp#27;[0;39m &amp#27;[2m:&amp#27;[0;39m HHH000204: Processing PersistenceUnitInfo [name: default]
&amp#27;[2m2026-02-26T12:17:57.865-06:00&amp#27;[0;39m &amp#27;[32m INFO&amp#27;[0;39m &amp#27;[35m28149&amp#27;[0;39m &amp#27;[2m---&amp#27;[0;39m &amp#27;[2m[Tourist places] [           main]&amp#27;[0;39m &amp#27;[2m&amp#27;[0;39m&amp#27;[36morg.hibernate.Version                   &amp#27;[0;39m &amp#27;[2m:&amp#27;[0;39m HHH000412: Hibernate ORM core version 6.4.1.Final
&amp#27;[2m2026-02-26T12:17:57.880-06:00&amp#27;[0;39m &amp#27;[32m INFO&amp#27;[0;39m &amp#27;[35m28149&amp#27;[0;39m &amp#27;[2m---&amp#27;[0;39m &amp#27;[2m[Tourist places] [           main]&amp#27;[0;39m &amp#27;[2m&amp#27;[0;39m&amp#27;[36mo.h.c.internal.RegionFactoryInitiator   &amp#27;[0;39m &amp#27;[2m:&amp#27;[0;39m HHH000026: Second-level cache disabled
&amp#27;[2m2026-02-26T12:17:57.952-06:00&amp#27;[0;39m &amp#27;[32m INFO&amp#27;[0;39m &amp#27;[35m28149&amp#27;[0;39m &amp#27;[2m---&amp#27;[0;39m &amp#27;[2m[Tourist places] [           main]&amp#27;[0;39m &amp#27;[2m&amp#27;[0;39m&amp#27;[36mo.s.o.j.p.SpringPersistenceUnitInfo     &amp#27;[0;39m &amp#27;[2m:&amp#27;[0;39m No LoadTimeWeaver setup: ignoring JPA class transformer
&amp#27;[2m2026-02-26T12:17:57.966-06:00&amp#27;[0;39m &amp#27;[32m INFO&amp#27;[0;39m &amp#27;[35m28149&amp#27;[0;39m &amp#27;[2m---&amp#27;[0;39m &amp#27;[2m[Tourist places] [           main]&amp#27;[0;39m &amp#27;[2m&amp#27;[0;39m&amp#27;[36mcom.zaxxer.hikari.HikariDataSource      &amp#27;[0;39m &amp#27;[2m:&amp#27;[0;39m HikariPool-1 - Starting...
&amp#27;[2m2026-02-26T12:17:58.073-06:00&amp#27;[0;39m &amp#27;[32m INFO&amp#27;[0;39m &amp#27;[35m28149&amp#27;[0;39m &amp#27;[2m---&amp#27;[0;39m &amp#27;[2m[Tourist places] [           main]&amp#27;[0;39m &amp#27;[2m&amp#27;[0;39m&amp#27;[36mcom.zaxxer.hikari.pool.HikariPool       &amp#27;[0;39m &amp#27;[2m:&amp#27;[0;39m HikariPool-1 - Added connection conn0: url=jdbc:h2:mem:testdb user=SA
&amp#27;[2m2026-02-26T12:17:58.074-06:00&amp#27;[0;39m &amp#27;[32m INFO&amp#27;[0;39m &amp#27;[35m28149&amp#27;[0;39m &amp#27;[2m---&amp#27;[0;39m &amp#27;[2m[Tourist places] [           main]&amp#27;[0;39m &amp#27;[2m&amp#27;[0;39m&amp#27;[36mcom.zaxxer.hikari.HikariDataSource      &amp#27;[0;39m &amp#27;[2m:&amp#27;[0;39m HikariPool-1 - Start completed.
&amp#27;[2m2026-02-26T12:17:58.087-06:00&amp#27;[0;39m &amp#27;[33m WARN&amp#27;[0;39m &amp#27;[35m28149&amp#27;[0;39m &amp#27;[2m---&amp#27;[0;39m &amp#27;[2m[Tourist places] [           main]&amp#27;[0;39m &amp#27;[2m&amp#27;[0;39m&amp#27;[36morg.hibernate.dialect.Dialect           &amp#27;[0;39m &amp#27;[2m:&amp#27;[0;39m HHH000511: The 2.2.0 version for [org.hibernate.dialect.PostgreSQLDialect] is no longer supported, hence certain features may not work properly. The minimum supported version is 12.0.0. Check the community dialects project for available legacy versions.
&amp#27;[2m2026-02-26T12:17:58.091-06:00&amp#27;[0;39m &amp#27;[33m WARN&amp#27;[0;39m &amp#27;[35m28149&amp#27;[0;39m &amp#27;[2m---&amp#27;[0;39m &amp#27;[2m[Tourist places] [           main]&amp#27;[0;39m &amp#27;[2m&amp#27;[0;39m&amp#27;[36morg.hibernate.orm.deprecation           &amp#27;[0;39m &amp#27;[2m:&amp#27;[0;39m HHH90000025: PostgreSQLDialect does not need to be specified explicitly using 'hibernate.dialect' (remove the property setting and it will be selected by default)
&amp#27;[2m2026-02-26T12:17:58.544-06:00&amp#27;[0;39m &amp#27;[32m INFO&amp#27;[0;39m &amp#27;[35m28149&amp#27;[0;39m &amp#27;[2m---&amp#27;[0;39m &amp#27;[2m[Tourist places] [           main]&amp#27;[0;39m &amp#27;[2m&amp#27;[0;39m&amp#27;[36mo.h.e.t.j.p.i.JtaPlatformInitiator      &amp#27;[0;39m &amp#27;[2m:&amp#27;[0;39m HHH000489: No JTA platform available (set 'hibernate.transaction.jta.platform' to enable JTA platform integration)
&amp#27;[2m2026-02-26T12:17:58.590-06:00&amp#27;[0;39m &amp#27;[32m INFO&amp#27;[0;39m &amp#27;[35m28149&amp#27;[0;39m &amp#27;[2m---&amp#27;[0;39m &amp#27;[2m[Tourist places] [           main]&amp#27;[0;39m &amp#27;[2m&amp#27;[0;39m&amp#27;[36mj.LocalContainerEntityManagerFactoryBean&amp#27;[0;39m &amp#27;[2m:&amp#27;[0;39m Initialized JPA EntityManagerFactory for persistence unit 'default'
&amp#27;[2m2026-02-26T12:17:58.910-06:00&amp#27;[0;39m &amp#27;[32m INFO&amp#27;[0;39m &amp#27;[35m28149&amp#27;[0;39m &amp#27;[2m---&amp#27;[0;39m &amp#27;[2m[Tourist places] [           main]&amp#27;[0;39m &amp#27;[2m&amp#27;[0;39m&amp#27;[36mo.s.d.j.r.query.QueryEnhancerFactory    &amp#27;[0;39m &amp#27;[2m:&amp#27;[0;39m Hibernate is in classpath; If applicable, HQL parser will be used.
SMTP Host: smtp.gmail.com
SMTP user: your@email.com
SMTP Password: your-password
&amp#27;[2m2026-02-26T12:17:59.681-06:00&amp#27;[0;39m &amp#27;[33m WARN&amp#27;[0;39m &amp#27;[35m28149&amp#27;[0;39m &amp#27;[2m---&amp#27;[0;39m &amp#27;[2m[Tourist places] [           main]&amp#27;[0;39m &amp#27;[2m&amp#27;[0;39m&amp#27;[36mJpaBaseConfiguration$JpaWebConfiguration&amp#27;[0;39m &amp#27;[2m:&amp#27;[0;39m spring.jpa.open-in-view is enabled by default. Therefore, database queries may be performed during view rendering. Explicitly configure spring.jpa.open-in-view to disable this warning
&amp#27;[2m2026-02-26T12:17:59.813-06:00&amp#27;[0;39m &amp#27;[32m INFO&amp#27;[0;39m &amp#27;[35m28149&amp#27;[0;39m &amp#27;[2m---&amp#27;[0;39m &amp#27;[2m[Tourist places] [           main]&amp#27;[0;39m &amp#27;[2m&amp#27;[0;39m&amp#27;[36mo.s.s.web.DefaultSecurityFilterChain    &amp#27;[0;39m &amp#27;[2m:&amp#27;[0;39m Will secure any request with [org.springframework.security.web.session.DisableEncodeUrlFilter@767bd4ca, org.springframework.security.web.context.request.async.WebAsyncManagerIntegrationFilter@30cd738c, org.springframework.security.web.context.SecurityContextHolderFilter@290ab243, org.springframework.security.web.header.HeaderWriterFilter@6a18bbeb, org.springframework.web.filter.CorsFilter@484c6de5, org.springframework.security.web.authentication.logout.LogoutFilter@79c8e98, org.springframework.security.oauth2.client.web.OAuth2AuthorizationRequestRedirectFilter@34be49c0, org.springframework.security.oauth2.client.web.OAuth2LoginAuthenticationFilter@7f4c8611, at.backend.tourist.places.modules.auth.jwt.JwtAuthenticationFilter@9bd2d60, org.springframework.security.web.savedrequest.RequestCacheAwareFilter@662936a, org.springframework.security.web.servletapi.SecurityContextHolderAwareRequestFilter@27a705e8, org.springframework.security.web.authentication.AnonymousAuthenticationFilter@532b06f3, org.springframework.security.web.session.SessionManagementFilter@9caa933, org.springframework.security.web.access.ExceptionTranslationFilter@bf562b3, org.springframework.security.web.access.intercept.AuthorizationFilter@ae06bd1]
&amp#27;[2m2026-02-26T12:18:00.032-06:00&amp#27;[0;39m &amp#27;[32m INFO&amp#27;[0;39m &amp#27;[35m28149&amp#27;[0;39m &amp#27;[2m---&amp#27;[0;39m &amp#27;[2m[Tourist places] [           main]&amp#27;[0;39m &amp#27;[2m&amp#27;[0;39m&amp#27;[36ma.b.t.p.TouristPlacesApplicationTests   &amp#27;[0;39m &amp#27;[2m:&amp#27;[0;39m Started TouristPlacesApplicationTests in 2.727 seconds (process running for 5.789)
]]></system-out>
  </testcase>
</testsuite>